This is XeTeX, Version 3.141592653-2.6-0.999994 (TeX Live 2022) (preloaded format=xelatex 2022.12.8)  8 DEC 2022 20:29
entering extended mode
 restricted \write18 enabled.
 %&-line parsing enabled.
**GEOG0030.tex
(./GEOG0030.tex
LaTeX2e <2022-11-01> patch level 1
L3 programming layer <2022-11-02> (/Users/justinvandijk/Library/TinyTeX/texmf-dist/tex/latex/base/book.cls
Document Class: book 2022/07/02 v1.4n Standard LaTeX document class
(/Users/justinvandijk/Library/TinyTeX/texmf-dist/tex/latex/base/bk10.clo
File: bk10.clo 2022/07/02 v1.4n Standard LaTeX file (size option)
)
\c@part=\count181
\c@chapter=\count182
\c@section=\count183
\c@subsection=\count184
\c@subsubsection=\count185
\c@paragraph=\count186
\c@subparagraph=\count187
\c@figure=\count188
\c@table=\count189
\abovecaptionskip=\skip48
\belowcaptionskip=\skip49
\bibindent=\dimen140
) (/Users/justinvandijk/Library/TinyTeX/texmf-dist/tex/latex/amsmath/amsmath.sty
Package: amsmath 2022/04/08 v2.17n AMS math features
\@mathmargin=\skip50
For additional information on amsmath, use the `?' option.
(/Users/justinvandijk/Library/TinyTeX/texmf-dist/tex/latex/amsmath/amstext.sty
Package: amstext 2021/08/26 v2.01 AMS text
(/Users/justinvandijk/Library/TinyTeX/texmf-dist/tex/latex/amsmath/amsgen.sty
File: amsgen.sty 1999/11/30 v2.0 generic functions
\@emptytoks=\toks16
\ex@=\dimen141
)) (/Users/justinvandijk/Library/TinyTeX/texmf-dist/tex/latex/amsmath/amsbsy.sty
Package: amsbsy 1999/11/29 v1.2d Bold Symbols
\pmbraise@=\dimen142
) (/Users/justinvandijk/Library/TinyTeX/texmf-dist/tex/latex/amsmath/amsopn.sty
Package: amsopn 2022/04/08 v2.04 operator names
)
\inf@bad=\count190
LaTeX Info: Redefining \frac on input line 234.
\uproot@=\count191
\leftroot@=\count192
LaTeX Info: Redefining \overline on input line 399.
LaTeX Info: Redefining \colon on input line 410.
\classnum@=\count193
\DOTSCASE@=\count194
LaTeX Info: Redefining \ldots on input line 496.
LaTeX Info: Redefining \dots on input line 499.
LaTeX Info: Redefining \cdots on input line 620.
\Mathstrutbox@=\box51
\strutbox@=\box52
LaTeX Info: Redefining \big on input line 722.
LaTeX Info: Redefining \Big on input line 723.
LaTeX Info: Redefining \bigg on input line 724.
LaTeX Info: Redefining \Bigg on input line 725.
\big@size=\dimen143
LaTeX Font Info:    Redeclaring font encoding OML on input line 743.
LaTeX Font Info:    Redeclaring font encoding OMS on input line 744.
\macc@depth=\count195
LaTeX Info: Redefining \bmod on input line 905.
LaTeX Info: Redefining \pmod on input line 910.
LaTeX Info: Redefining \smash on input line 940.
LaTeX Info: Redefining \relbar on input line 970.
LaTeX Info: Redefining \Relbar on input line 971.
\c@MaxMatrixCols=\count196
\dotsspace@=\muskip16
\c@parentequation=\count197
\dspbrk@lvl=\count198
\tag@help=\toks17
\row@=\count199
\column@=\count266
\maxfields@=\count267
\andhelp@=\toks18
\eqnshift@=\dimen144
\alignsep@=\dimen145
\tagshift@=\dimen146
\tagwidth@=\dimen147
\totwidth@=\dimen148
\lineht@=\dimen149
\@envbody=\toks19
\multlinegap=\skip51
\multlinetaggap=\skip52
\mathdisplay@stack=\toks20
LaTeX Info: Redefining \[ on input line 2953.
LaTeX Info: Redefining \] on input line 2954.
) (/Users/justinvandijk/Library/TinyTeX/texmf-dist/tex/latex/amsfonts/amssymb.sty
Package: amssymb 2013/01/14 v3.01 AMS font symbols
(/Users/justinvandijk/Library/TinyTeX/texmf-dist/tex/latex/amsfonts/amsfonts.sty
Package: amsfonts 2013/01/14 v3.01 Basic AMSFonts support
\symAMSa=\mathgroup4
\symAMSb=\mathgroup5
LaTeX Font Info:    Redeclaring math symbol \hbar on input line 98.
LaTeX Font Info:    Overwriting math alphabet `\mathfrak' in version `bold'
(Font)                  U/euf/m/n --> U/euf/b/n on input line 106.
)) (/Users/justinvandijk/Library/TinyTeX/texmf-dist/tex/latex/lm/lmodern.sty
Package: lmodern 2015/05/01 v1.6.1 Latin Modern Fonts
LaTeX Font Info:    Overwriting symbol font `operators' in version `normal'
(Font)                  OT1/cmr/m/n --> OT1/lmr/m/n on input line 22.
LaTeX Font Info:    Overwriting symbol font `letters' in version `normal'
(Font)                  OML/cmm/m/it --> OML/lmm/m/it on input line 23.
LaTeX Font Info:    Overwriting symbol font `symbols' in version `normal'
(Font)                  OMS/cmsy/m/n --> OMS/lmsy/m/n on input line 24.
LaTeX Font Info:    Overwriting symbol font `largesymbols' in version `normal'
(Font)                  OMX/cmex/m/n --> OMX/lmex/m/n on input line 25.
LaTeX Font Info:    Overwriting symbol font `operators' in version `bold'
(Font)                  OT1/cmr/bx/n --> OT1/lmr/bx/n on input line 26.
LaTeX Font Info:    Overwriting symbol font `letters' in version `bold'
(Font)                  OML/cmm/b/it --> OML/lmm/b/it on input line 27.
LaTeX Font Info:    Overwriting symbol font `symbols' in version `bold'
(Font)                  OMS/cmsy/b/n --> OMS/lmsy/b/n on input line 28.
LaTeX Font Info:    Overwriting symbol font `largesymbols' in version `bold'
(Font)                  OMX/cmex/m/n --> OMX/lmex/m/n on input line 29.
LaTeX Font Info:    Overwriting math alphabet `\mathbf' in version `normal'
(Font)                  OT1/cmr/bx/n --> OT1/lmr/bx/n on input line 31.
LaTeX Font Info:    Overwriting math alphabet `\mathsf' in version `normal'
(Font)                  OT1/cmss/m/n --> OT1/lmss/m/n on input line 32.
LaTeX Font Info:    Overwriting math alphabet `\mathit' in version `normal'
(Font)                  OT1/cmr/m/it --> OT1/lmr/m/it on input line 33.
LaTeX Font Info:    Overwriting math alphabet `\mathtt' in version `normal'
(Font)                  OT1/cmtt/m/n --> OT1/lmtt/m/n on input line 34.
LaTeX Font Info:    Overwriting math alphabet `\mathbf' in version `bold'
(Font)                  OT1/cmr/bx/n --> OT1/lmr/bx/n on input line 35.
LaTeX Font Info:    Overwriting math alphabet `\mathsf' in version `bold'
(Font)                  OT1/cmss/bx/n --> OT1/lmss/bx/n on input line 36.
LaTeX Font Info:    Overwriting math alphabet `\mathit' in version `bold'
(Font)                  OT1/cmr/bx/it --> OT1/lmr/bx/it on input line 37.
LaTeX Font Info:    Overwriting math alphabet `\mathtt' in version `bold'
(Font)                  OT1/cmtt/m/n --> OT1/lmtt/m/n on input line 38.
) (/Users/justinvandijk/Library/TinyTeX/texmf-dist/tex/generic/iftex/iftex.sty
Package: iftex 2022/02/03 v1.0f TeX engine tests
) (/Users/justinvandijk/Library/TinyTeX/texmf-dist/tex/latex/unicode-math/unicode-math.sty (/Users/justinvandijk/Library/TinyTeX/texmf-dist/tex/latex/l3kernel/expl3.sty
Package: expl3 2022-11-02 L3 programming layer (loader) 
(/Users/justinvandijk/Library/TinyTeX/texmf-dist/tex/latex/l3backend/l3backend-xetex.def
File: l3backend-xetex.def 2022-10-26 L3 backend support: XeTeX
\g__graphics_track_int=\count268
\l__pdf_internal_box=\box53
\g__pdf_backend_object_int=\count269
\g__pdf_backend_annotation_int=\count270
\g__pdf_backend_link_int=\count271
))
Package: unicode-math 2020/01/31 v0.8q Unicode maths in XeLaTeX and LuaLaTeX
(/Users/justinvandijk/Library/TinyTeX/texmf-dist/tex/latex/unicode-math/unicode-math-xetex.sty
Package: unicode-math-xetex 2020/01/31 v0.8q Unicode maths in XeLaTeX and LuaLaTeX
(/Users/justinvandijk/Library/TinyTeX/texmf-dist/tex/latex/l3packages/xparse/xparse.sty
Package: xparse 2022-06-22 L3 Experimental document command parser
) (/Users/justinvandijk/Library/TinyTeX/texmf-dist/tex/latex/l3packages/l3keys2e/l3keys2e.sty
Package: l3keys2e 2022-06-22 LaTeX2e option processing using LaTeX3 keys
) (/Users/justinvandijk/Library/TinyTeX/texmf-dist/tex/latex/fontspec/fontspec.sty
Package: fontspec 2022/01/15 v2.8a Font selection for XeLaTeX and LuaLaTeX
(/Users/justinvandijk/Library/TinyTeX/texmf-dist/tex/latex/fontspec/fontspec-xetex.sty
Package: fontspec-xetex 2022/01/15 v2.8a Font selection for XeLaTeX and LuaLaTeX
\l__fontspec_script_int=\count272
\l__fontspec_language_int=\count273
\l__fontspec_strnum_int=\count274
\l__fontspec_tmp_int=\count275
\l__fontspec_tmpa_int=\count276
\l__fontspec_tmpb_int=\count277
\l__fontspec_tmpc_int=\count278
\l__fontspec_em_int=\count279
\l__fontspec_emdef_int=\count280
\l__fontspec_strong_int=\count281
\l__fontspec_strongdef_int=\count282
\l__fontspec_tmpa_dim=\dimen150
\l__fontspec_tmpb_dim=\dimen151
\l__fontspec_tmpc_dim=\dimen152
(/Users/justinvandijk/Library/TinyTeX/texmf-dist/tex/latex/base/fontenc.sty
Package: fontenc 2021/04/29 v2.0v Standard LaTeX package
) (/Users/justinvandijk/Library/TinyTeX/texmf-dist/tex/latex/fontspec/fontspec.cfg))) (/Users/justinvandijk/Library/TinyTeX/texmf-dist/tex/latex/base/fix-cm.sty
Package: fix-cm 2020/11/24 v1.1t fixes to LaTeX
(/Users/justinvandijk/Library/TinyTeX/texmf-dist/tex/latex/base/ts1enc.def
File: ts1enc.def 2001/06/05 v3.0e (jk/car/fm) Standard LaTeX file
LaTeX Font Info:    Redeclaring font encoding TS1 on input line 47.
))
\g__um_fam_int=\count283
\g__um_fonts_used_int=\count284
\l__um_primecount_int=\count285
\g__um_primekern_muskip=\muskip17
(/Users/justinvandijk/Library/TinyTeX/texmf-dist/tex/latex/unicode-math/unicode-math-table.tex))) (/Users/justinvandijk/Library/TinyTeX/texmf-dist/tex/latex/xcolor/xcolor.sty
Package: xcolor 2022/06/12 v2.14 LaTeX color extensions (UK)
(/Users/justinvandijk/Library/TinyTeX/texmf-dist/tex/latex/graphics-cfg/color.cfg
File: color.cfg 2016/01/02 v1.6 sample color configuration
)
Package xcolor Info: Driver file: xetex.def on input line 227.
(/Users/justinvandijk/Library/TinyTeX/texmf-dist/tex/latex/graphics-def/xetex.def
File: xetex.def 2022/09/22 v5.0n Graphics/color driver for xetex
) (/Users/justinvandijk/Library/TinyTeX/texmf-dist/tex/latex/graphics/mathcolor.ltx)
Package xcolor Info: Model `cmy' substituted by `cmy0' on input line 1353.
Package xcolor Info: Model `RGB' extended on input line 1369.
Package xcolor Info: Model `HTML' substituted by `rgb' on input line 1371.
Package xcolor Info: Model `Hsb' substituted by `hsb' on input line 1372.
Package xcolor Info: Model `tHsb' substituted by `hsb' on input line 1373.
Package xcolor Info: Model `HSB' substituted by `hsb' on input line 1374.
Package xcolor Info: Model `Gray' substituted by `gray' on input line 1375.
Package xcolor Info: Model `wave' substituted by `hsb' on input line 1376.
) (/Users/justinvandijk/Library/TinyTeX/texmf-dist/tex/latex/fancyvrb/fancyvrb.sty
Package: fancyvrb 2022/06/06 4.5 verbatim text (tvz,hv)
(/Users/justinvandijk/Library/TinyTeX/texmf-dist/tex/latex/graphics/keyval.sty
Package: keyval 2022/05/29 v1.15 key=value parser (DPC)
\KV@toks@=\toks21
)
\FV@CodeLineNo=\count286
\FV@InFile=\read2
\FV@TabBox=\box54
\c@FancyVerbLine=\count287
\FV@StepNumber=\count288
\FV@OutFile=\write3
) (/Users/justinvandijk/Library/TinyTeX/texmf-dist/tex/latex/framed/framed.sty
Package: framed 2011/10/22 v 0.96: framed or shaded text with page breaks
\OuterFrameSep=\skip53
\fb@frw=\dimen153
\fb@frh=\dimen154
\FrameRule=\dimen155
\FrameSep=\dimen156
) (/Users/justinvandijk/Library/TinyTeX/texmf-dist/tex/latex/tools/longtable.sty
Package: longtable 2021-09-01 v4.17 Multi-page Table package (DPC)
\LTleft=\skip54
\LTright=\skip55
\LTpre=\skip56
\LTpost=\skip57
\LTchunksize=\count289
\LTcapwidth=\dimen157
\LT@head=\box55
\LT@firsthead=\box56
\LT@foot=\box57
\LT@lastfoot=\box58
\LT@gbox=\box59
\LT@cols=\count290
\LT@rows=\count291
\c@LT@tables=\count292
\c@LT@chunks=\count293
\LT@p@ftn=\toks22
) (/Users/justinvandijk/Library/TinyTeX/texmf-dist/tex/latex/booktabs/booktabs.sty
Package: booktabs 2020/01/12 v1.61803398 Publication quality tables
\heavyrulewidth=\dimen158
\lightrulewidth=\dimen159
\cmidrulewidth=\dimen160
\belowrulesep=\dimen161
\belowbottomsep=\dimen162
\aboverulesep=\dimen163
\abovetopsep=\dimen164
\cmidrulesep=\dimen165
\cmidrulekern=\dimen166
\defaultaddspace=\dimen167
\@cmidla=\count294
\@cmidlb=\count295
\@aboverulesep=\dimen168
\@belowrulesep=\dimen169
\@thisruleclass=\count296
\@lastruleclass=\count297
\@thisrulewidth=\dimen170
) (/Users/justinvandijk/Library/TinyTeX/texmf-dist/tex/latex/tools/array.sty
Package: array 2022/09/04 v2.5g Tabular extension package (FMi)
\col@sep=\dimen171
\ar@mcellbox=\box60
\extrarowheight=\dimen172
\NC@list=\toks23
\extratabsurround=\skip58
\backup@length=\skip59
\ar@cellbox=\box61
) (/Users/justinvandijk/Library/TinyTeX/texmf-dist/tex/latex/tools/calc.sty
Package: calc 2017/05/25 v4.3 Infix arithmetic (KKT,FJ)
\calc@Acount=\count298
\calc@Bcount=\count299
\calc@Adimen=\dimen173
\calc@Bdimen=\dimen174
\calc@Askip=\skip60
\calc@Bskip=\skip61
LaTeX Info: Redefining \setlength on input line 80.
LaTeX Info: Redefining \addtolength on input line 81.
\calc@Ccount=\count300
\calc@Cskip=\skip62
) (/Users/justinvandijk/Library/TinyTeX/texmf-dist/tex/latex/etoolbox/etoolbox.sty
Package: etoolbox 2020/10/05 v2.5k e-TeX tools for LaTeX (JAW)
\etb@tempcnta=\count301
) (/Users/justinvandijk/Library/TinyTeX/texmf-dist/tex/latex/mdwtools/footnote.sty
Package: footnote 1997/01/28 1.13 Save footnotes around boxes
\fn@notes=\box62
\fn@width=\dimen175
) (/Users/justinvandijk/Library/TinyTeX/texmf-dist/tex/latex/graphics/graphicx.sty
Package: graphicx 2021/09/16 v1.2d Enhanced LaTeX Graphics (DPC,SPQR)
(/Users/justinvandijk/Library/TinyTeX/texmf-dist/tex/latex/graphics/graphics.sty
Package: graphics 2022/03/10 v1.4e Standard LaTeX Graphics (DPC,SPQR)
(/Users/justinvandijk/Library/TinyTeX/texmf-dist/tex/latex/graphics/trig.sty
Package: trig 2021/08/11 v1.11 sin cos tan (DPC)
) (/Users/justinvandijk/Library/TinyTeX/texmf-dist/tex/latex/graphics-cfg/graphics.cfg
File: graphics.cfg 2016/06/04 v1.11 sample graphics configuration
)
Package graphics Info: Driver file: xetex.def on input line 107.
)
\Gin@req@height=\dimen176
\Gin@req@width=\dimen177
) (/Users/justinvandijk/Library/TinyTeX/texmf-dist/tex/latex/amscls/amsthm.sty
Package: amsthm 2020/05/29 v2.20.6
\thm@style=\toks24
\thm@bodyfont=\toks25
\thm@headfont=\toks26
\thm@notefont=\toks27
\thm@headpunct=\toks28
\thm@preskip=\skip63
\thm@postskip=\skip64
\thm@headsep=\skip65
\dth@everypar=\toks29
) (/Users/justinvandijk/Library/TinyTeX/texmf-dist/tex/latex/natbib/natbib.sty
Package: natbib 2010/09/13 8.31b (PWD, AO)
\bibhang=\skip66
\bibsep=\skip67
LaTeX Info: Redefining \cite on input line 694.
\c@NAT@ctr=\count302
) (/Users/justinvandijk/Library/TinyTeX/texmf-dist/tex/latex/hyperref/hyperref.sty
Package: hyperref 2022-11-13 v7.00u Hypertext links for LaTeX
(/Users/justinvandijk/Library/TinyTeX/texmf-dist/tex/generic/ltxcmds/ltxcmds.sty
Package: ltxcmds 2020-05-10 v1.25 LaTeX kernel commands for general use (HO)
) (/Users/justinvandijk/Library/TinyTeX/texmf-dist/tex/generic/pdftexcmds/pdftexcmds.sty
Package: pdftexcmds 2020-06-27 v0.33 Utility functions of pdfTeX for LuaTeX (HO)
(/Users/justinvandijk/Library/TinyTeX/texmf-dist/tex/generic/infwarerr/infwarerr.sty
Package: infwarerr 2019/12/03 v1.5 Providing info/warning/error messages (HO)
)
Package pdftexcmds Info: \pdf@primitive is available.
Package pdftexcmds Info: \pdf@ifprimitive is available.
Package pdftexcmds Info: \pdfdraftmode not found.
) (/Users/justinvandijk/Library/TinyTeX/texmf-dist/tex/latex/kvsetkeys/kvsetkeys.sty
Package: kvsetkeys 2022-10-05 v1.19 Key value parser (HO)
) (/Users/justinvandijk/Library/TinyTeX/texmf-dist/tex/generic/kvdefinekeys/kvdefinekeys.sty
Package: kvdefinekeys 2019-12-19 v1.6 Define keys (HO)
) (/Users/justinvandijk/Library/TinyTeX/texmf-dist/tex/generic/pdfescape/pdfescape.sty
Package: pdfescape 2019/12/09 v1.15 Implements pdfTeX's escape features (HO)
) (/Users/justinvandijk/Library/TinyTeX/texmf-dist/tex/latex/hycolor/hycolor.sty
Package: hycolor 2020-01-27 v1.10 Color options for hyperref/bookmark (HO)
) (/Users/justinvandijk/Library/TinyTeX/texmf-dist/tex/latex/letltxmacro/letltxmacro.sty
Package: letltxmacro 2019/12/03 v1.6 Let assignment for LaTeX macros (HO)
) (/Users/justinvandijk/Library/TinyTeX/texmf-dist/tex/latex/auxhook/auxhook.sty
Package: auxhook 2019-12-17 v1.6 Hooks for auxiliary files (HO)
) (/Users/justinvandijk/Library/TinyTeX/texmf-dist/tex/latex/hyperref/nameref.sty
Package: nameref 2022-05-17 v2.50 Cross-referencing by name of section
(/Users/justinvandijk/Library/TinyTeX/texmf-dist/tex/latex/refcount/refcount.sty
Package: refcount 2019/12/15 v3.6 Data extraction from label references (HO)
) (/Users/justinvandijk/Library/TinyTeX/texmf-dist/tex/generic/gettitlestring/gettitlestring.sty
Package: gettitlestring 2019/12/15 v1.6 Cleanup title references (HO)
(/Users/justinvandijk/Library/TinyTeX/texmf-dist/tex/latex/kvoptions/kvoptions.sty
Package: kvoptions 2022-06-15 v3.15 Key value format for package options (HO)
))
\c@section@level=\count303
)
\@linkdim=\dimen178
\Hy@linkcounter=\count304
\Hy@pagecounter=\count305
(/Users/justinvandijk/Library/TinyTeX/texmf-dist/tex/latex/hyperref/pd1enc.def
File: pd1enc.def 2022-11-13 v7.00u Hyperref: PDFDocEncoding definition (HO)
) (/Users/justinvandijk/Library/TinyTeX/texmf-dist/tex/generic/intcalc/intcalc.sty
Package: intcalc 2019/12/15 v1.3 Expandable calculations with integers (HO)
) (/Users/justinvandijk/Library/TinyTeX/texmf-dist/tex/generic/etexcmds/etexcmds.sty
Package: etexcmds 2019/12/15 v1.7 Avoid name clashes with e-TeX commands (HO)
)
\Hy@SavedSpaceFactor=\count306
(/Users/justinvandijk/Library/TinyTeX/texmf-dist/tex/latex/hyperref/puenc.def
File: puenc.def 2022-11-13 v7.00u Hyperref: PDF Unicode definition (HO)
)
Package hyperref Info: Option `unicode' set `true' on input line 4045.
Package hyperref Info: Hyper figures OFF on input line 4162.
Package hyperref Info: Link nesting OFF on input line 4167.
Package hyperref Info: Hyper index ON on input line 4170.
Package hyperref Info: Plain pages OFF on input line 4177.
Package hyperref Info: Backreferencing OFF on input line 4182.
Package hyperref Info: Implicit mode ON; LaTeX internals redefined.
Package hyperref Info: Bookmarks ON on input line 4410.
\c@Hy@tempcnt=\count307
(/Users/justinvandijk/Library/TinyTeX/texmf-dist/tex/latex/url/url.sty
\Urlmuskip=\muskip18
Package: url 2013/09/16  ver 3.4  Verb mode for urls, etc.
)
LaTeX Info: Redefining \url on input line 4748.
\XeTeXLinkMargin=\dimen179
(/Users/justinvandijk/Library/TinyTeX/texmf-dist/tex/generic/bitset/bitset.sty
Package: bitset 2019/12/09 v1.3 Handle bit-vector datatype (HO)
(/Users/justinvandijk/Library/TinyTeX/texmf-dist/tex/generic/bigintcalc/bigintcalc.sty
Package: bigintcalc 2019/12/15 v1.5 Expandable calculations on big integers (HO)
))
\Fld@menulength=\count308
\Field@Width=\dimen180
\Fld@charsize=\dimen181
Package hyperref Info: Hyper figures OFF on input line 6027.
Package hyperref Info: Link nesting OFF on input line 6032.
Package hyperref Info: Hyper index ON on input line 6035.
Package hyperref Info: backreferencing OFF on input line 6042.
Package hyperref Info: Link coloring OFF on input line 6047.
Package hyperref Info: Link coloring with OCG OFF on input line 6052.
Package hyperref Info: PDF/A mode OFF on input line 6057.
(/Users/justinvandijk/Library/TinyTeX/texmf-dist/tex/latex/base/atbegshi-ltx.sty
Package: atbegshi-ltx 2021/01/10 v1.0c Emulation of the original atbegshi
package with kernel methods
)
\Hy@abspage=\count309
\c@Item=\count310
\c@Hfootnote=\count311
)
Package hyperref Info: Driver (autodetected): hxetex.
(/Users/justinvandijk/Library/TinyTeX/texmf-dist/tex/latex/hyperref/hxetex.def
File: hxetex.def 2022-11-13 v7.00u Hyperref driver for XeTeX
(/Users/justinvandijk/Library/TinyTeX/texmf-dist/tex/generic/stringenc/stringenc.sty
Package: stringenc 2019/11/29 v1.12 Convert strings between diff. encodings (HO)
)
\pdfm@box=\box63
\c@Hy@AnnotLevel=\count312
\HyField@AnnotCount=\count313
\Fld@listcount=\count314
\c@bookmark@seq@number=\count315
(/Users/justinvandijk/Library/TinyTeX/texmf-dist/tex/latex/rerunfilecheck/rerunfilecheck.sty
Package: rerunfilecheck 2022-07-10 v1.10 Rerun checks for auxiliary files (HO)
(/Users/justinvandijk/Library/TinyTeX/texmf-dist/tex/latex/base/atveryend-ltx.sty
Package: atveryend-ltx 2020/08/19 v1.0a Emulation of the original atveryend package
with kernel methods
) (/Users/justinvandijk/Library/TinyTeX/texmf-dist/tex/generic/uniquecounter/uniquecounter.sty
Package: uniquecounter 2019/12/15 v1.4 Provide unlimited unique counter (HO)
)
Package uniquecounter Info: New unique counter `rerunfilecheck' on input line 285.
)
\Hy@SectionHShift=\skip68
)
No file GEOG0030.aux.
\openout1 = `GEOG0030.aux'.

LaTeX Font Info:    Checking defaults for OML/cmm/m/it on input line 129.
LaTeX Font Info:    ... okay on input line 129.
LaTeX Font Info:    Checking defaults for OMS/cmsy/m/n on input line 129.
LaTeX Font Info:    ... okay on input line 129.
LaTeX Font Info:    Checking defaults for OT1/cmr/m/n on input line 129.
LaTeX Font Info:    ... okay on input line 129.
LaTeX Font Info:    Checking defaults for T1/cmr/m/n on input line 129.
LaTeX Font Info:    ... okay on input line 129.
LaTeX Font Info:    Checking defaults for TS1/cmr/m/n on input line 129.
LaTeX Font Info:    ... okay on input line 129.
LaTeX Font Info:    Checking defaults for TU/lmr/m/n on input line 129.
LaTeX Font Info:    ... okay on input line 129.
LaTeX Font Info:    Checking defaults for OMX/cmex/m/n on input line 129.
LaTeX Font Info:    ... okay on input line 129.
LaTeX Font Info:    Checking defaults for U/cmr/m/n on input line 129.
LaTeX Font Info:    ... okay on input line 129.
LaTeX Font Info:    Checking defaults for PD1/pdf/m/n on input line 129.
LaTeX Font Info:    ... okay on input line 129.
LaTeX Font Info:    Checking defaults for PU/pdf/m/n on input line 129.
LaTeX Font Info:    ... okay on input line 129.
LaTeX Font Info:    Overwriting math alphabet `\mathrm' in version `normal'
(Font)                  OT1/lmr/m/n --> TU/lmr/m/n on input line 129.
LaTeX Font Info:    Overwriting math alphabet `\mathit' in version `normal'
(Font)                  OT1/lmr/m/it --> TU/lmr/m/it on input line 129.
LaTeX Font Info:    Overwriting math alphabet `\mathbf' in version `normal'
(Font)                  OT1/lmr/bx/n --> TU/lmr/bx/n on input line 129.
LaTeX Font Info:    Overwriting math alphabet `\mathsf' in version `normal'
(Font)                  OT1/lmss/m/n --> TU/lmss/m/n on input line 129.
LaTeX Font Info:    Overwriting math alphabet `\mathsf' in version `bold'
(Font)                  OT1/lmss/bx/n --> TU/lmss/bx/n on input line 129.
LaTeX Font Info:    Overwriting math alphabet `\mathtt' in version `normal'
(Font)                  OT1/lmtt/m/n --> TU/lmtt/m/n on input line 129.
LaTeX Font Info:    Overwriting math alphabet `\mathtt' in version `bold'
(Font)                  OT1/lmtt/m/n --> TU/lmtt/bx/n on input line 129.

Package fontspec Info: latinmodern-math scale = 0.9999964596882403.


Package fontspec Info: latinmodern-math scale = 0.9999964596882403.


Package fontspec Info: latinmodern-math scale = 0.9999964596882403.


Package fontspec Info: Font family 'latinmodern-math.otf(0)' created for font
(fontspec)             'latinmodern-math.otf' with options
(fontspec)             [Scale=MatchLowercase,BoldItalicFont={},ItalicFont={},SmallCapsFont={},Script=Math,BoldFont={latinmodern-math.otf}].
(fontspec)              
(fontspec)              This font family consists of the following NFSS
(fontspec)             series/shapes:
(fontspec)              
(fontspec)             - 'normal' (m/n) with NFSS spec.:
(fontspec)             <->s*[0.9999964596882403]"[latinmodern-math.otf]/OT:script=math;language=dflt;"
(fontspec)             - 'small caps'  (m/sc) with NFSS spec.: 
(fontspec)             - 'bold' (b/n) with NFSS spec.:
(fontspec)             <->s*[0.9999964596882403]"[latinmodern-math.otf]/OT:script=math;language=dflt;"
(fontspec)             - 'bold small caps'  (b/sc) with NFSS spec.: 

LaTeX Font Info:    Font shape `TU/latinmodern-math.otf(0)/m/n' will be
(Font)              scaled to size 10.0pt on input line 129.

Package fontspec Info: latinmodern-math scale = 0.9999964596882403.


Package fontspec Info: latinmodern-math scale = 0.9999964596882403.


Package fontspec Info: latinmodern-math scale = 0.9999964596882403.


Package fontspec Info: latinmodern-math scale = 0.9999964596882403.


Package fontspec Info: latinmodern-math scale = 0.9999964596882403.


Package fontspec Info: Font family 'latinmodern-math.otf(1)' created for font
(fontspec)             'latinmodern-math.otf' with options
(fontspec)             [Scale=MatchLowercase,BoldItalicFont={},ItalicFont={},SmallCapsFont={},Script=Math,SizeFeatures={{Size=8.5-},{Size=6-8.5,Font=latinmodern-math.otf,Style=MathScript},{Size=-6,Font=latinmodern-math.otf,Style=MathScriptScript}},BoldFont={latinmodern-math.otf}].
(fontspec)              
(fontspec)              This font family consists of the following NFSS
(fontspec)             series/shapes:
(fontspec)              
(fontspec)             - 'normal' (m/n) with NFSS spec.:
(fontspec)             <8.5->s*[0.9999964596882403]"[latinmodern-math.otf]/OT:script=math;language=dflt;"<6-8.5>s*[0.9999964596882403]"[latinmodern-math.otf]/OT:script=math;language=dflt;+ssty=0;"<-6>s*[0.9999964596882403]"[latinmodern-math.otf]/OT:script=math;language=dflt;+ssty=1;"
(fontspec)             - 'small caps'  (m/sc) with NFSS spec.: 
(fontspec)             - 'bold' (b/n) with NFSS spec.:
(fontspec)             <->s*[0.9999964596882403]"[latinmodern-math.otf]/OT:script=math;language=dflt;"
(fontspec)             - 'bold small caps'  (b/sc) with NFSS spec.: 

LaTeX Font Info:    Font shape `TU/latinmodern-math.otf(1)/m/n' will be
(Font)              scaled to size 10.0pt on input line 129.
LaTeX Font Info:    Encoding `OT1' has changed to `TU' for symbol font
(Font)              `operators' in the math version `normal' on input line 129.
LaTeX Font Info:    Overwriting symbol font `operators' in version `normal'
(Font)                  OT1/lmr/m/n --> TU/latinmodern-math.otf(1)/m/n on input line 129.
LaTeX Font Info:    Encoding `OT1' has changed to `TU' for symbol font
(Font)              `operators' in the math version `bold' on input line 129.
LaTeX Font Info:    Overwriting symbol font `operators' in version `bold'
(Font)                  OT1/lmr/bx/n --> TU/latinmodern-math.otf(1)/b/n on input line 129.

Package fontspec Info: latinmodern-math scale = 0.9999964596882403.


Package fontspec Info: latinmodern-math scale = 1.000096459334209.


Package fontspec Info: latinmodern-math scale = 0.9999964596882403.


Package fontspec Info: latinmodern-math scale = 1.000096459334209.


Package fontspec Info: latinmodern-math scale = 0.9999964596882403.


Package fontspec Info: latinmodern-math scale = 1.000096459334209.


Package fontspec Info: latinmodern-math scale = 0.9999964596882403.


Package fontspec Info: latinmodern-math scale = 1.000096459334209.


Package fontspec Info: latinmodern-math scale = 0.9999964596882403.


Package fontspec Info: latinmodern-math scale = 1.000096459334209.


Package fontspec Info: Font family 'latinmodern-math.otf(2)' created for font
(fontspec)             'latinmodern-math.otf' with options
(fontspec)             [Scale=MatchLowercase,BoldItalicFont={},ItalicFont={},SmallCapsFont={},Script=Math,SizeFeatures={{Size=8.5-},{Size=6-8.5,Font=latinmodern-math.otf,Style=MathScript},{Size=-6,Font=latinmodern-math.otf,Style=MathScriptScript}},BoldFont={latinmodern-math.otf},ScaleAgain=1.0001,FontAdjustment={\fontdimen
(fontspec)             8\font =6.77pt\relax \fontdimen 9\font =3.94pt\relax
(fontspec)             \fontdimen 10\font =4.44pt\relax \fontdimen 11\font
(fontspec)             =6.86pt\relax \fontdimen 12\font =3.45pt\relax
(fontspec)             \fontdimen 13\font =3.63pt\relax \fontdimen 14\font
(fontspec)             =3.63pt\relax \fontdimen 15\font =2.89pt\relax
(fontspec)             \fontdimen 16\font =2.47pt\relax \fontdimen 17\font
(fontspec)             =2.47pt\relax \fontdimen 18\font =2.5pt\relax
(fontspec)             \fontdimen 19\font =2.0pt\relax \fontdimen 22\font
(fontspec)             =2.5pt\relax \fontdimen 20\font =0pt\relax \fontdimen
(fontspec)             21\font =0pt\relax }].
(fontspec)              
(fontspec)              This font family consists of the following NFSS
(fontspec)             series/shapes:
(fontspec)              
(fontspec)             - 'normal' (m/n) with NFSS spec.:
(fontspec)             <8.5->s*[1.000096459334209]"[latinmodern-math.otf]/OT:script=math;language=dflt;"<6-8.5>s*[1.000096459334209]"[latinmodern-math.otf]/OT:script=math;language=dflt;+ssty=0;"<-6>s*[1.000096459334209]"[latinmodern-math.otf]/OT:script=math;language=dflt;+ssty=1;"
(fontspec)             - 'small caps'  (m/sc) with NFSS spec.: 
(fontspec)             and font adjustment code:
(fontspec)             \fontdimen 8\font =6.77pt\relax \fontdimen 9\font
(fontspec)             =3.94pt\relax \fontdimen 10\font =4.44pt\relax
(fontspec)             \fontdimen 11\font =6.86pt\relax \fontdimen 12\font
(fontspec)             =3.45pt\relax \fontdimen 13\font =3.63pt\relax
(fontspec)             \fontdimen 14\font =3.63pt\relax \fontdimen 15\font
(fontspec)             =2.89pt\relax \fontdimen 16\font =2.47pt\relax
(fontspec)             \fontdimen 17\font =2.47pt\relax \fontdimen 18\font
(fontspec)             =2.5pt\relax \fontdimen 19\font =2.0pt\relax \fontdimen
(fontspec)             22\font =2.5pt\relax \fontdimen 20\font =0pt\relax
(fontspec)             \fontdimen 21\font =0pt\relax 
(fontspec)             - 'bold' (b/n) with NFSS spec.:
(fontspec)             <->s*[1.000096459334209]"[latinmodern-math.otf]/OT:script=math;language=dflt;"
(fontspec)             - 'bold small caps'  (b/sc) with NFSS spec.: 
(fontspec)             and font adjustment code:
(fontspec)             \fontdimen 8\font =6.77pt\relax \fontdimen 9\font
(fontspec)             =3.94pt\relax \fontdimen 10\font =4.44pt\relax
(fontspec)             \fontdimen 11\font =6.86pt\relax \fontdimen 12\font
(fontspec)             =3.45pt\relax \fontdimen 13\font =3.63pt\relax
(fontspec)             \fontdimen 14\font =3.63pt\relax \fontdimen 15\font
(fontspec)             =2.89pt\relax \fontdimen 16\font =2.47pt\relax
(fontspec)             \fontdimen 17\font =2.47pt\relax \fontdimen 18\font
(fontspec)             =2.5pt\relax \fontdimen 19\font =2.0pt\relax \fontdimen
(fontspec)             22\font =2.5pt\relax \fontdimen 20\font =0pt\relax
(fontspec)             \fontdimen 21\font =0pt\relax 

LaTeX Font Info:    Encoding `OMS' has changed to `TU' for symbol font
(Font)              `symbols' in the math version `normal' on input line 129.
LaTeX Font Info:    Overwriting symbol font `symbols' in version `normal'
(Font)                  OMS/lmsy/m/n --> TU/latinmodern-math.otf(2)/m/n on input line 129.
LaTeX Font Info:    Encoding `OMS' has changed to `TU' for symbol font
(Font)              `symbols' in the math version `bold' on input line 129.
LaTeX Font Info:    Overwriting symbol font `symbols' in version `bold'
(Font)                  OMS/lmsy/b/n --> TU/latinmodern-math.otf(2)/b/n on input line 129.

Package fontspec Info: latinmodern-math scale = 0.9999964596882403.


Package fontspec Info: latinmodern-math scale = 0.9998964600422715.


Package fontspec Info: latinmodern-math scale = 0.9999964596882403.


Package fontspec Info: latinmodern-math scale = 0.9998964600422715.


Package fontspec Info: latinmodern-math scale = 0.9999964596882403.


Package fontspec Info: latinmodern-math scale = 0.9998964600422715.


Package fontspec Info: latinmodern-math scale = 0.9999964596882403.


Package fontspec Info: latinmodern-math scale = 0.9998964600422715.


Package fontspec Info: latinmodern-math scale = 0.9999964596882403.


Package fontspec Info: latinmodern-math scale = 0.9998964600422715.


Package fontspec Info: Font family 'latinmodern-math.otf(3)' created for font
(fontspec)             'latinmodern-math.otf' with options
(fontspec)             [Scale=MatchLowercase,BoldItalicFont={},ItalicFont={},SmallCapsFont={},Script=Math,SizeFeatures={{Size=8.5-},{Size=6-8.5,Font=latinmodern-math.otf,Style=MathScript},{Size=-6,Font=latinmodern-math.otf,Style=MathScriptScript}},BoldFont={latinmodern-math.otf},ScaleAgain=0.9999,FontAdjustment={\fontdimen
(fontspec)             8\font =0.4pt\relax \fontdimen 9\font =2.0pt\relax
(fontspec)             \fontdimen 10\font =1.67pt\relax \fontdimen 11\font
(fontspec)             =1.11pt\relax \fontdimen 12\font =6.0pt\relax
(fontspec)             \fontdimen 13\font =0pt\relax }].
(fontspec)              
(fontspec)              This font family consists of the following NFSS
(fontspec)             series/shapes:
(fontspec)              
(fontspec)             - 'normal' (m/n) with NFSS spec.:
(fontspec)             <8.5->s*[0.9998964600422715]"[latinmodern-math.otf]/OT:script=math;language=dflt;"<6-8.5>s*[0.9998964600422715]"[latinmodern-math.otf]/OT:script=math;language=dflt;+ssty=0;"<-6>s*[0.9998964600422715]"[latinmodern-math.otf]/OT:script=math;language=dflt;+ssty=1;"
(fontspec)             - 'small caps'  (m/sc) with NFSS spec.: 
(fontspec)             and font adjustment code:
(fontspec)             \fontdimen 8\font =0.4pt\relax \fontdimen 9\font
(fontspec)             =2.0pt\relax \fontdimen 10\font =1.67pt\relax
(fontspec)             \fontdimen 11\font =1.11pt\relax \fontdimen 12\font
(fontspec)             =6.0pt\relax \fontdimen 13\font =0pt\relax 
(fontspec)             - 'bold' (b/n) with NFSS spec.:
(fontspec)             <->s*[0.9998964600422715]"[latinmodern-math.otf]/OT:script=math;language=dflt;"
(fontspec)             - 'bold small caps'  (b/sc) with NFSS spec.: 
(fontspec)             and font adjustment code:
(fontspec)             \fontdimen 8\font =0.4pt\relax \fontdimen 9\font
(fontspec)             =2.0pt\relax \fontdimen 10\font =1.67pt\relax
(fontspec)             \fontdimen 11\font =1.11pt\relax \fontdimen 12\font
(fontspec)             =6.0pt\relax \fontdimen 13\font =0pt\relax 

LaTeX Font Info:    Encoding `OMX' has changed to `TU' for symbol font
(Font)              `largesymbols' in the math version `normal' on input line 129.
LaTeX Font Info:    Overwriting symbol font `largesymbols' in version `normal'
(Font)                  OMX/lmex/m/n --> TU/latinmodern-math.otf(3)/m/n on input line 129.
LaTeX Font Info:    Encoding `OMX' has changed to `TU' for symbol font
(Font)              `largesymbols' in the math version `bold' on input line 129.
LaTeX Font Info:    Overwriting symbol font `largesymbols' in version `bold'
(Font)                  OMX/lmex/m/n --> TU/latinmodern-math.otf(3)/b/n on input line 129.
Package hyperref Info: Link coloring OFF on input line 129.
\@outlinefile=\write4
\openout4 = `GEOG0030.out'.


Package hyperref Warning: Rerun to get /PageLabels entry.

LaTeX Font Info:    Font shape `TU/latinmodern-math.otf(1)/m/n' will be
(Font)              scaled to size 12.0pt on input line 131.
LaTeX Font Info:    Font shape `TU/latinmodern-math.otf(1)/m/n' will be
(Font)              scaled to size 8.0pt on input line 131.
LaTeX Font Info:    Font shape `TU/latinmodern-math.otf(1)/m/n' will be
(Font)              scaled to size 6.0pt on input line 131.
LaTeX Font Info:    Trying to load font information for OML+lmm on input line 131.
(/Users/justinvandijk/Library/TinyTeX/texmf-dist/tex/latex/lm/omllmm.fd
File: omllmm.fd 2015/05/01 v1.6.1 Font defs for Latin Modern
)
LaTeX Font Info:    Font shape `TU/latinmodern-math.otf(2)/m/n' will be
(Font)              scaled to size 12.0011pt on input line 131.
LaTeX Font Info:    Font shape `TU/latinmodern-math.otf(2)/m/n' will be
(Font)              scaled to size 8.00073pt on input line 131.
LaTeX Font Info:    Font shape `TU/latinmodern-math.otf(2)/m/n' will be
(Font)              scaled to size 6.00055pt on input line 131.
LaTeX Font Info:    Font shape `TU/latinmodern-math.otf(3)/m/n' will be
(Font)              scaled to size 11.99872pt on input line 131.
LaTeX Font Info:    Font shape `TU/latinmodern-math.otf(3)/m/n' will be
(Font)              scaled to size 7.99915pt on input line 131.
LaTeX Font Info:    Font shape `TU/latinmodern-math.otf(3)/m/n' will be
(Font)              scaled to size 5.99936pt on input line 131.
LaTeX Font Info:    Trying to load font information for U+msa on input line 131.
(/Users/justinvandijk/Library/TinyTeX/texmf-dist/tex/latex/amsfonts/umsa.fd
File: umsa.fd 2013/01/14 v3.01 AMS symbols A
)
LaTeX Font Info:    Trying to load font information for U+msb on input line 131.
(/Users/justinvandijk/Library/TinyTeX/texmf-dist/tex/latex/amsfonts/umsb.fd
File: umsb.fd 2013/01/14 v3.01 AMS symbols B
) [1


] [2

]
No file GEOG0030.toc.
\tf@toc=\write5
\openout5 = `GEOG0030.toc'.

[3] [4

] [5] [6]
File: images/general/geocomputation_welcome.png Graphic file (type bmp)
<images/general/geocomputation_welcome.png>
[7

] [8] [9] [10

] [11] [12]
Chapter 1.
[13

] [14] [15]
File: images/w01/rstudio_interface.png Graphic file (type bmp)
<images/w01/rstudio_interface.png>
[16] [17] [18]
Chapter 2.
[19

]
File: images/w02/river_thames.png Graphic file (type bmp)
<images/w02/river_thames.png>
[20]
File: images/w02/datasearch.png Graphic file (type bmp)
<images/w02/datasearch.png>
[21] [22]
LaTeX Font Info:    Font shape `TU/latinmodern-math.otf(1)/m/n' will be
(Font)              scaled to size 7.0pt on input line 563.
LaTeX Font Info:    Font shape `TU/latinmodern-math.otf(1)/m/n' will be
(Font)              scaled to size 5.0pt on input line 563.
LaTeX Font Info:    Font shape `TU/latinmodern-math.otf(2)/m/n' will be
(Font)              scaled to size 10.00092pt on input line 563.
LaTeX Font Info:    Font shape `TU/latinmodern-math.otf(2)/m/n' will be
(Font)              scaled to size 7.00064pt on input line 563.
LaTeX Font Info:    Font shape `TU/latinmodern-math.otf(2)/m/n' will be
(Font)              scaled to size 5.00046pt on input line 563.
LaTeX Font Info:    Font shape `TU/latinmodern-math.otf(3)/m/n' will be
(Font)              scaled to size 9.99893pt on input line 563.
LaTeX Font Info:    Font shape `TU/latinmodern-math.otf(3)/m/n' will be
(Font)              scaled to size 6.99925pt on input line 563.
LaTeX Font Info:    Font shape `TU/latinmodern-math.otf(3)/m/n' will be
(Font)              scaled to size 4.99947pt on input line 563.
[23]

Package longtable Warning: Column widths have changed
(longtable)                in table 2.1 on input line 600.


Overfull \hbox (72.315pt too wide) in paragraph at lines 637--638
[]\TU/lmr/m/n/10 Download all three zipfiles to your computer: \TU/lmtt/m/n/10 statistical-gis-boundaries-london.zip\TU/lmr/m/n/10 ,
 []

[24]
File: images/w02/file_management.png Graphic file (type bmp)
<images/w02/file_management.png>
[25]
Underfull \hbox (badness 3407) in paragraph at lines 678--680
[]\TU/lmr/m/n/10 In your \TU/lmtt/m/n/10 GEOG0030/data/raw/ \TU/lmr/m/n/10 folder, create a new folder called
 []


Overfull \hbox (25.85703pt too wide) in paragraph at lines 680--681
[]\TU/lmr/m/n/10 Rename the files you donwloaded to: \TU/lmtt/m/n/10 MYE_ward_2011.xls\TU/lmr/m/n/10 , \TU/lmtt/m/n/10 MYE_ward_2015.xls\TU/lmr/m/n/10 ,
 []

[26]
Overfull \hbox (18.06pt too wide) in paragraph at lines 707--708
[]\TU/lmr/m/n/10 Save your spreadsheet into your \TU/lmtt/m/n/10 output \TU/lmr/m/n/10 folder as \TU/lmtt/m/n/10 ward_population_2011.csv\TU/lmr/m/n/10 . 
 []


Underfull \hbox (badness 1303) in paragraph at lines 727--728
[]\TU/lmr/m/n/10 Once complete, save your spreadsheet into your \TU/lmtt/m/n/10 output \TU/lmr/m/n/10 folder as
 []


Underfull \vbox (badness 7981) has occurred while \output is active []

[27]
Underfull \hbox (badness 1303) in paragraph at lines 749--750
[]\TU/lmr/m/n/10 Once complete, save your spreadsheet into your \TU/lmtt/m/n/10 output \TU/lmr/m/n/10 folder as
 []

[28] [29]
File: images/w02/wardlabels.png Graphic file (type bmp)
<images/w02/wardlabels.png>

Overfull \hbox (553.40018pt too wide) in paragraph at lines 822--823
 [][] 
 []


LaTeX Warning: Float too large for page by 24.10089pt on input line 827.

[30] [31]
File: images/w02/attribute_joins.png Graphic file (type bmp)
<images/w02/attribute_joins.png>

Overfull \hbox (74.1431pt too wide) in paragraph at lines 868--868
 [] 
 []

[32]
Underfull \hbox (badness 1496) in paragraph at lines 894--896
[]\TU/lmr/m/n/10 Click on the \TU/lmr/bx/n/10 + \TU/lmr/m/n/10 button. Make sure the \TU/lmr/bx/n/10 Join Layer \TU/lmr/m/n/10 is set to
 []

[33]
File: images/w02/ward_2011.png Graphic file (type bmp)
<images/w02/ward_2011.png>

Overfull \hbox (560.72662pt too wide) in paragraph at lines 983--984
 [][] 
 []


LaTeX Warning: Float too large for page by 24.05553pt on input line 988.

[34] [35] [36] [37] [38

]
Chapter 3.
[39] [40]
Underfull \hbox (badness 1215) in paragraph at lines 1119--1120
\TU/lmr/m/n/10 Luckily, we already sorted out our Ward population dataset last week
 []

[41] [42]
Overfull \hbox (5.84502pt too wide) in paragraph at lines 1219--1221
\TU/lmtt/m/n/10 raw/boundaries/2011 \TU/lmr/m/n/10 data folder: \TU/lmtt/m/n/10 London_Borough_Excluding_MHW.shp\TU/lmr/m/n/10 . 
 []

[43] [44]
File: images/w03/crime_unproj.png Graphic file (type bmp)
<images/w03/crime_unproj.png>
[45] [46]
Underfull \hbox (badness 3343) in paragraph at lines 1371--1372
[]\TU/lmr/m/n/10 Whilst in the Editing mode, click on \TU/lmr/bx/n/10 New Field \TU/lmr/m/n/10 button (or
 []

[47] [48] [49]
File: images/w03/map_layout.png Graphic file (type bmp)
<images/w03/map_layout.png>
[50]
File: images/w03/autolegend.png Graphic file (type bmp)
<images/w03/autolegend.png>
[51] [52]
Underfull \hbox (badness 1354) in paragraph at lines 1649--1651
[]\TU/lmr/m/n/10 Finally add a box detailing our data sources, you can copy
 []


Underfull \hbox (badness 10000) in paragraph at lines 1649--1651
\TU/lmr/m/n/10 and paste the following: \TU/lmtt/m/n/10 Contains National Statistics
 []


Underfull \hbox (badness 10000) in paragraph at lines 1649--1651
\TU/lmtt/m/n/10 data © Crown copyright and database right [2015] (Open
 []


Underfull \hbox (badness 10000) in paragraph at lines 1649--1651
\TU/lmtt/m/n/10 Government Licence). Contains Ordnance Survey data ©
 []


Underfull \hbox (badness 10000) in paragraph at lines 1649--1651
\TU/lmtt/m/n/10 Crown copyright and database right [2015]. Crime data
 []

File: images/w03/london_crime_rate.png Graphic file (type bmp)
<images/w03/london_crime_rate.png>

Overfull \hbox (432.80463pt too wide) in paragraph at lines 1658--1659
 [][] 
 []


LaTeX Warning: Float too large for page by 36.09004pt on input line 1663.


Underfull \hbox (badness 1314) in paragraph at lines 1665--1666
\TU/lmr/bx/n/10 out \TU/lmr/m/n/10 -> \TU/lmr/bx/n/10 Export as Image \TU/lmr/m/n/10 and then save it in your maps folder as
 []

[53] [54] [55] [56

]
Chapter 4.
[57]
File: images/w04/programming_languages.png Graphic file (type bmp)
<images/w04/programming_languages.png>
[58] [59]
File: images/w04/rstudio_interface.png Graphic file (type bmp)
<images/w04/rstudio_interface.png>

Underfull \hbox (badness 2393) in paragraph at lines 1829--1831
[]\TU/lmr/bx/n/10 Console\TU/lmr/m/n/10 : where we write “one-off” code, such as installing li-
 []


Underfull \hbox (badness 1584) in paragraph at lines 1829--1831
\TU/lmr/m/n/10 braries/packages, as well as running quick views or plots of our
 []

[60] [61] [62] [63] [64] [65] [66]
Underfull \hbox (badness 6658) in paragraph at lines 2152--2153
[]\TU/lmr/m/n/10 Type in \TU/lmtt/m/n/10 two_str_variable <- c("This is our second variable", "It
 []

[67] [68] [69] [70]
Underfull \hbox (badness 10000) in paragraph at lines 2338--2339
[]\TU/lmr/m/n/10 Type \TU/lmtt/m/n/10 giss_year_nos <- matrix(c(giss_year, giss_page_no), ncol=2)
 []

[71] [72] [73] [74]
Underfull \hbox (badness 1275) in paragraph at lines 2543--2544
\TU/lmr/m/n/10 means if you load the \TU/lmtt/m/n/10 tidyverse \TU/lmr/m/n/10 package within your script (through
 []

[75] [76]
File: images/w04/new-script.png Graphic file (type bmp)
<images/w04/new-script.png>
[77] [78]
Underfull \hbox (badness 3668) in paragraph at lines 2694--2695
[]\TU/lmr/m/n/10 Under the \TU/lmr/bx/n/10 Custom download \TU/lmr/m/n/10 tab select \TU/lmtt/m/n/10 Metropolitan Police
 []

File: images/w04/download-crime.png Graphic file (type bmp)
<images/w04/download-crime.png>
[79]
File: images/w04/organised-crime.png Graphic file (type bmp)
<images/w04/organised-crime.png>

Overfull \hbox (640.46185pt too wide) in paragraph at lines 2720--2721
 [][] 
 []


LaTeX Warning: Float too large for page by 24.08517pt on input line 2725.

[80] [81] [82]
Overfull \hbox (69.75pt too wide) in paragraph at lines 2846--2846
[]\TU/lmtt/m/n/10 ##   `Crime ID`   Month Repor~1 Falls~2 Longi~3 Latit~4 Locat~5 LSOA ~6 LSOA ~7[] 
 []


Overfull \hbox (59.25pt too wide) in paragraph at lines 2846--2846
[]\TU/lmtt/m/n/10 ##   <chr>        <chr> <chr>   <chr>     <dbl>   <dbl> <chr>   <chr>   <chr>[] 
 []


Overfull \hbox (69.75pt too wide) in paragraph at lines 2846--2846
[]\TU/lmtt/m/n/10 ## 1 37c663d86a5~ 2020~ City o~ City o~ -0.106     51.5 On or ~ E01000~ Camden~[] 
 []


Overfull \hbox (69.75pt too wide) in paragraph at lines 2846--2846
[]\TU/lmtt/m/n/10 ## 2 5b89923fa5e~ 2020~ City o~ City o~ -0.118     51.5 On or ~ E01000~ Camden~[] 
 []


Overfull \hbox (69.75pt too wide) in paragraph at lines 2846--2846
[]\TU/lmtt/m/n/10 ## 3 07172682a8b~ 2020~ City o~ City o~ -0.112     51.5 On or ~ E01000~ Camden~[] 
 []


Overfull \hbox (69.75pt too wide) in paragraph at lines 2846--2846
[]\TU/lmtt/m/n/10 ## 4 14e02a6048a~ 2020~ City o~ City o~ -0.111     51.5 On or ~ E01000~ Camden~[] 
 []


Overfull \hbox (69.75pt too wide) in paragraph at lines 2846--2846
[]\TU/lmtt/m/n/10 ## 5 fb3350ce8e0~ 2020~ City o~ City o~ -0.113     51.5 On or ~ E01000~ Camden~[] 
 []


Overfull \hbox (69.75pt too wide) in paragraph at lines 2846--2846
[]\TU/lmtt/m/n/10 ## 6 <NA>         2020~ City o~ City o~ -0.0976    51.5 On or ~ E01000~ City o~[] 
 []


Overfull \hbox (59.25pt too wide) in paragraph at lines 2846--2846
[]\TU/lmtt/m/n/10 ## #   `Last outcome category` <chr>, Context <lgl>, and abbreviated variable[] 
 []


Overfull \hbox (54.0pt too wide) in paragraph at lines 2846--2846
[]\TU/lmtt/m/n/10 ## #   names 1: `Reported by`, 2: `Falls within`, 3: Longitude, 4: Latitude,[] 
 []

[83] [84]
File: GEOG0030_files/figure-latex/04-bar-plot-1.pdf Graphic file (type pdf)
<use GEOG0030_files/figure-latex/04-bar-plot-1.pdf>
[85] [86]
Chapter 5.
[87

]
Underfull \hbox (badness 2680) in paragraph at lines 3006--3007
[]\TU/lmr/m/n/10 You should now see a new \TU/lmtt/m/n/10 csv \TU/lmr/m/n/10 within your raw crime data folder
 []

[88]
Overfull \hbox (69.75pt too wide) in paragraph at lines 3073--3073
[]\TU/lmtt/m/n/10 ##   crime_id     month repor~1 falls~2 longi~3 latit~4 locat~5 lsoa_~6 lsoa_~7[] 
 []


Overfull \hbox (59.25pt too wide) in paragraph at lines 3073--3073
[]\TU/lmtt/m/n/10 ##   <chr>        <chr> <chr>   <chr>     <dbl>   <dbl> <chr>   <chr>   <chr>[] 
 []


Overfull \hbox (69.75pt too wide) in paragraph at lines 3073--3073
[]\TU/lmtt/m/n/10 ## 1 37c663d86a5~ 2020~ City o~ City o~ -0.106     51.5 On or ~ E01000~ Camden~[] 
 []


Overfull \hbox (69.75pt too wide) in paragraph at lines 3073--3073
[]\TU/lmtt/m/n/10 ## 2 dcfa16f9abd~ 2020~ City o~ City o~ -0.0941    51.5 On or ~ E01000~ City o~[] 
 []


Overfull \hbox (69.75pt too wide) in paragraph at lines 3073--3073
[]\TU/lmtt/m/n/10 ## 3 be9310ed295~ 2020~ City o~ City o~ -0.0945    51.5 On or ~ E01000~ City o~[] 
 []


Overfull \hbox (69.75pt too wide) in paragraph at lines 3073--3073
[]\TU/lmtt/m/n/10 ## 4 0cbb0c5125e~ 2020~ City o~ City o~ -0.0945    51.5 On or ~ E01000~ City o~[] 
 []


Overfull \hbox (69.75pt too wide) in paragraph at lines 3073--3073
[]\TU/lmtt/m/n/10 ## 5 aaafbcff48b~ 2020~ City o~ City o~ -0.0750    51.5 On or ~ E01000~ City o~[] 
 []


Overfull \hbox (69.75pt too wide) in paragraph at lines 3073--3073
[]\TU/lmtt/m/n/10 ## 6 8249cc17a2c~ 2020~ City o~ City o~ -0.0750    51.5 On or ~ E01000~ City o~[] 
 []


Overfull \hbox (64.5pt too wide) in paragraph at lines 3073--3073
[]\TU/lmtt/m/n/10 ## # ... with 3 more variables: crime_type <chr>, last_outcome_category <chr>,[] 
 []

[89]
Overfull \hbox (12.0pt too wide) in paragraph at lines 3073--3073
[]\TU/lmtt/m/n/10 ## #   context <lgl>, and abbreviated variable names 1: reported_by,[] 
 []


Overfull \hbox (59.25pt too wide) in paragraph at lines 3073--3073
[]\TU/lmtt/m/n/10 ## #   2: falls_within, 3: longitude, 4: latitude, 5: location, 6: lsoa_code,[] 
 []


Overfull \hbox (227.25pt too wide) in paragraph at lines 3095--3095
[]\TU/lmtt/m/n/10 ##   `/Users/justinvandijk/Dropbox/UCL/Web/jtvandijk.github.io/GEOG0030/data/output/ward_population_2019.shp'[] 
 []


Overfull \hbox (59.25pt too wide) in paragraph at lines 3095--3095
[]\TU/lmtt/m/n/10 ## Bounding box:  xmin: 503568.2 ymin: 155850.8 xmax: 561957.5 ymax: 200933.9[] 
 []

File: GEOG0030_files/figure-latex/05-plot-wardpop-1.pdf Graphic file (type pdf)
<use GEOG0030_files/figure-latex/05-plot-wardpop-1.pdf>
[90]
Overfull \hbox (17.25pt too wide) in paragraph at lines 3198--3198
[]\TU/lmtt/m/n/10 ## [1] "NAME"       "GSS_CODE"   "DISTRICT"   "LAGSSCODE"  "HECTARES"[] 
 []

[91]
Overfull \hbox (54.0pt too wide) in paragraph at lines 3198--3198
[]\TU/lmtt/m/n/10 ##   [1]   1   2   3   4   5   6   7   8   9  10  11  12  13  14  15  16  17[] 
 []


Overfull \hbox (54.0pt too wide) in paragraph at lines 3198--3198
[]\TU/lmtt/m/n/10 ##  [18]  18  19  20  21  22  23  24  25  26  27  28  29  30  31  32  33  34[] 
 []


Overfull \hbox (54.0pt too wide) in paragraph at lines 3198--3198
[]\TU/lmtt/m/n/10 ##  [35]  35  36  37  38  39  40  41  42  43  44  45  46  47  48  49  50  51[] 
 []


Overfull \hbox (54.0pt too wide) in paragraph at lines 3198--3198
[]\TU/lmtt/m/n/10 ##  [52]  52  53  54  55  56  57  58  59  60  61  62  63  64  65  66  67  68[] 
 []


Overfull \hbox (54.0pt too wide) in paragraph at lines 3198--3198
[]\TU/lmtt/m/n/10 ##  [69]  69  70  71  72  73  74  75  76  77  78  79  80  81  82  83  84  85[] 
 []


Overfull \hbox (54.0pt too wide) in paragraph at lines 3198--3198
[]\TU/lmtt/m/n/10 ##  [86]  86  87  88  89  90  91  92  93  94  95  96  97  98  99 100 101 102[] 
 []


Overfull \hbox (54.0pt too wide) in paragraph at lines 3198--3198
[]\TU/lmtt/m/n/10 ## [103] 103 104 105 106 107 108 109 110 111 112 113 114 115 116 117 118 119[] 
 []


Overfull \hbox (54.0pt too wide) in paragraph at lines 3198--3198
[]\TU/lmtt/m/n/10 ## [120] 120 121 122 123 124 125 126 127 128 129 130 131 132 133 134 135 136[] 
 []


Overfull \hbox (54.0pt too wide) in paragraph at lines 3198--3198
[]\TU/lmtt/m/n/10 ## [137] 137 138 139 140 141 142 143 144 145 146 147 148 149 150 151 152 153[] 
 []


Overfull \hbox (54.0pt too wide) in paragraph at lines 3198--3198
[]\TU/lmtt/m/n/10 ## [154] 154 155 156 157 158 159 160 161 162 163 164 165 166 167 168 169 170[] 
 []


Overfull \hbox (54.0pt too wide) in paragraph at lines 3198--3198
[]\TU/lmtt/m/n/10 ## [171] 171 172 173 174 175 176 177 178 179 180 181 182 183 184 185 186 187[] 
 []


Overfull \hbox (54.0pt too wide) in paragraph at lines 3198--3198
[]\TU/lmtt/m/n/10 ## [188] 188 189 190 191 192 193 194 195 196 197 198 199 200 201 202 203 204[] 
 []


Overfull \hbox (54.0pt too wide) in paragraph at lines 3198--3198
[]\TU/lmtt/m/n/10 ## [205] 205 206 207 208 209 210 211 212 213 214 215 216 217 218 219 220 221[] 
 []


Overfull \hbox (54.0pt too wide) in paragraph at lines 3198--3198
[]\TU/lmtt/m/n/10 ## [222] 222 223 224 225 226 227 228 229 230 231 232 233 234 235 236 237 238[] 
 []


Overfull \hbox (54.0pt too wide) in paragraph at lines 3198--3198
[]\TU/lmtt/m/n/10 ## [239] 239 240 241 242 243 244 245 246 247 248 249 250 251 252 253 254 255[] 
 []


Overfull \hbox (54.0pt too wide) in paragraph at lines 3198--3198
[]\TU/lmtt/m/n/10 ## [256] 256 257 258 259 260 261 262 263 264 265 266 267 268 269 270 271 272[] 
 []


Overfull \hbox (54.0pt too wide) in paragraph at lines 3198--3198
[]\TU/lmtt/m/n/10 ## [273] 273 274 275 276 277 278 279 280 281 282 283 284 285 286 287 288 289[] 
 []


Overfull \hbox (54.0pt too wide) in paragraph at lines 3198--3198
[]\TU/lmtt/m/n/10 ## [290] 290 291 292 293 294 295 296 297 298 299 300 301 302 303 304 305 306[] 
 []


Overfull \hbox (54.0pt too wide) in paragraph at lines 3198--3198
[]\TU/lmtt/m/n/10 ## [307] 307 308 309 310 311 312 313 314 315 316 317 318 319 320 321 322 323[] 
 []


Overfull \hbox (54.0pt too wide) in paragraph at lines 3198--3198
[]\TU/lmtt/m/n/10 ## [324] 324 325 326 327 328 329 330 331 332 333 334 335 336 337 338 339 340[] 
 []


Overfull \hbox (54.0pt too wide) in paragraph at lines 3198--3198
[]\TU/lmtt/m/n/10 ## [341] 341 342 343 344 345 346 347 348 349 350 351 352 353 354 355 356 357[] 
 []


Overfull \hbox (54.0pt too wide) in paragraph at lines 3198--3198
[]\TU/lmtt/m/n/10 ## [358] 358 359 360 361 362 363 364 365 366 367 368 369 370 371 372 373 374[] 
 []


Overfull \hbox (54.0pt too wide) in paragraph at lines 3198--3198
[]\TU/lmtt/m/n/10 ## [375] 375 376 377 378 379 380 381 382 383 384 385 386 387 388 389 390 391[] 
 []


Overfull \hbox (54.0pt too wide) in paragraph at lines 3198--3198
[]\TU/lmtt/m/n/10 ## [392] 392 393 394 395 396 397 398 399 400 401 402 403 404 405 406 407 408[] 
 []


Overfull \hbox (54.0pt too wide) in paragraph at lines 3198--3198
[]\TU/lmtt/m/n/10 ## [409] 409 410 411 412 413 414 415 416 417 418 419 420 421 422 423 424 425[] 
 []


Overfull \hbox (54.0pt too wide) in paragraph at lines 3198--3198
[]\TU/lmtt/m/n/10 ## [426] 426 427 428 429 430 431 432 433 434 435 436 437 438 439 440 441 442[] 
 []


Overfull \hbox (54.0pt too wide) in paragraph at lines 3198--3198
[]\TU/lmtt/m/n/10 ## [443] 443 444 445 446 447 448 449 450 451 452 453 454 455 456 457 458 459[] 
 []


Overfull \hbox (54.0pt too wide) in paragraph at lines 3198--3198
[]\TU/lmtt/m/n/10 ## [460] 460 461 462 463 464 465 466 467 468 469 470 471 472 473 474 475 476[] 
 []


Overfull \hbox (54.0pt too wide) in paragraph at lines 3198--3198
[]\TU/lmtt/m/n/10 ## [477] 477 478 479 480 481 482 483 484 485 486 487 488 489 490 491 492 493[] 
 []


Overfull \hbox (54.0pt too wide) in paragraph at lines 3198--3198
[]\TU/lmtt/m/n/10 ## [494] 494 495 496 497 498 499 500 501 502 503 504 505 506 507 508 509 510[] 
 []


Overfull \hbox (54.0pt too wide) in paragraph at lines 3198--3198
[]\TU/lmtt/m/n/10 ## [511] 511 512 513 514 515 516 517 518 519 520 521 522 523 524 525 526 527[] 
 []


Overfull \hbox (54.0pt too wide) in paragraph at lines 3198--3198
[]\TU/lmtt/m/n/10 ## [528] 528 529 530 531 532 533 534 535 536 537 538 539 540 541 542 543 544[] 
 []


Overfull \hbox (54.0pt too wide) in paragraph at lines 3198--3198
[]\TU/lmtt/m/n/10 ## [545] 545 546 547 548 549 550 551 552 553 554 555 556 557 558 559 560 561[] 
 []


Overfull \hbox (54.0pt too wide) in paragraph at lines 3198--3198
[]\TU/lmtt/m/n/10 ## [562] 562 563 564 565 566 567 568 569 570 571 572 573 574 575 576 577 578[] 
 []


Overfull \hbox (54.0pt too wide) in paragraph at lines 3198--3198
[]\TU/lmtt/m/n/10 ## [579] 579 580 581 582 583 584 585 586 587 588 589 590 591 592 593 594 595[] 
 []


Overfull \hbox (54.0pt too wide) in paragraph at lines 3198--3198
[]\TU/lmtt/m/n/10 ## [596] 596 597 598 599 600 601 602 603 604 605 606 607 608 609 610 611 612[] 
 []


Overfull \hbox (54.0pt too wide) in paragraph at lines 3198--3198
[]\TU/lmtt/m/n/10 ## [613] 613 614 615 616 617 618 619 620 621 622 623 624 625 626 627 628 629[] 
 []


Overfull \hbox (54.0pt too wide) in paragraph at lines 3198--3198
[]\TU/lmtt/m/n/10 ## [630] 630 631 632 633 634 635 636 637 638 639 640 641 642 643 644 645 646[] 
 []

[92]
Overfull \hbox (12.0pt too wide) in paragraph at lines 3198--3198
[]\TU/lmtt/m/n/10 ##       NAME   GSS_CODE   DISTRICT  LAGSSCODE   HECTARES NONLD_AREA[] 
 []


Overfull \hbox (12.0pt too wide) in paragraph at lines 3198--3198
[]\TU/lmtt/m/n/10 ##       <NA>       <NA>       <NA>       <NA>       <NA>       <NA>[] 
 []


Overfull \hbox (59.25pt too wide) in paragraph at lines 3218--3218
[]\TU/lmtt/m/n/10 ## Bounding box:  xmin: 503568.2 ymin: 155850.8 xmax: 561957.5 ymax: 200933.9[] 
 []

[93]
Overfull \hbox (6.75pt too wide) in paragraph at lines 3291--3291
[]\TU/lmtt/m/n/10 ##         PARAMETER["Scale factor at natural origin",0.9996012717,[] 
 []


Overfull \hbox (615.75pt too wide) in paragraph at lines 3291--3291
[]\TU/lmtt/m/n/10 ##         AREA["United Kingdom (UK) - offshore to boundary of UKCS within 49°45'N to 61°N and 9°W to 2°E; onshore Great Britain (England, Wales and Scotland). Isle of Man onshore."],[] 
 []


Underfull \vbox (badness 1231) has occurred while \output is active []

[94] [95]
Underfull \hbox (badness 2717) in paragraph at lines 3357--3359
[]\TU/lmr/m/n/10 Your code would look something like: \TU/lmtt/m/n/10 merge(x, y, by.x =
 []

[96]
File: images/w05/dplyr-joins.png Graphic file (type bmp)
<images/w05/dplyr-joins.png>
[97] [98]
Overfull \hbox (69.75pt too wide) in paragraph at lines 3443--3443
[]\TU/lmtt/m/n/10 ##   crime_id     month repor~1 falls~2 longi~3 latit~4 locat~5 lsoa_~6 lsoa_~7[] 
 []


Overfull \hbox (59.25pt too wide) in paragraph at lines 3443--3443
[]\TU/lmtt/m/n/10 ##   <chr>        <chr> <chr>   <chr>     <dbl>   <dbl> <chr>   <chr>   <chr>[] 
 []


Overfull \hbox (69.75pt too wide) in paragraph at lines 3443--3443
[]\TU/lmtt/m/n/10 ## 1 37c663d86a5~ 2020~ City o~ City o~ -0.106     51.5 On or ~ E01000~ Camden~[] 
 []


Overfull \hbox (69.75pt too wide) in paragraph at lines 3443--3443
[]\TU/lmtt/m/n/10 ## 2 dcfa16f9abd~ 2020~ City o~ City o~ -0.0941    51.5 On or ~ E01000~ City o~[] 
 []


Overfull \hbox (69.75pt too wide) in paragraph at lines 3443--3443
[]\TU/lmtt/m/n/10 ## 3 be9310ed295~ 2020~ City o~ City o~ -0.0945    51.5 On or ~ E01000~ City o~[] 
 []


Overfull \hbox (69.75pt too wide) in paragraph at lines 3443--3443
[]\TU/lmtt/m/n/10 ## 4 0cbb0c5125e~ 2020~ City o~ City o~ -0.0945    51.5 On or ~ E01000~ City o~[] 
 []


Overfull \hbox (69.75pt too wide) in paragraph at lines 3443--3443
[]\TU/lmtt/m/n/10 ## 5 aaafbcff48b~ 2020~ City o~ City o~ -0.0750    51.5 On or ~ E01000~ City o~[] 
 []


Overfull \hbox (69.75pt too wide) in paragraph at lines 3443--3443
[]\TU/lmtt/m/n/10 ## 6 8249cc17a2c~ 2020~ City o~ City o~ -0.0750    51.5 On or ~ E01000~ City o~[] 
 []


Overfull \hbox (1.5pt too wide) in paragraph at lines 3443--3443
[]\TU/lmtt/m/n/10 ## #   last_outcome_category <chr>, context <lgl>, LSOA11NM <chr>,[] 
 []


Overfull \hbox (1.5pt too wide) in paragraph at lines 3443--3443
[]\TU/lmtt/m/n/10 ## #   1: reported_by, 2: falls_within, 3: longitude, 4: latitude,[] 
 []

[99] [100] [101] [102] [103] [104] [105] [106]
Overfull \hbox (69.75pt too wide) in paragraph at lines 3810--3810
[]\TU/lmtt/m/n/10 ##    WD18CD    2020-~1 2020-~2 2020-~3 2020-~4 2020-~5 2020-~6 2020-~7 2020-~8[] 
 []


Overfull \hbox (69.75pt too wide) in paragraph at lines 3810--3810
[]\TU/lmtt/m/n/10 ##    <chr>       <int>   <int>   <int>   <int>   <int>   <int>   <int>   <int>[] 
 []


Overfull \hbox (69.75pt too wide) in paragraph at lines 3810--3810
[]\TU/lmtt/m/n/10 ##  1 E05000026      30      28      25       6      12      13      11      10[] 
 []


Overfull \hbox (69.75pt too wide) in paragraph at lines 3810--3810
[]\TU/lmtt/m/n/10 ##  2 E05000027       2       1       1       1       1      NA       3       1[] 
 []


Overfull \hbox (69.75pt too wide) in paragraph at lines 3810--3810
[]\TU/lmtt/m/n/10 ##  3 E05000028       1       1       2       2       2       1      NA       1[] 
 []


Overfull \hbox (69.75pt too wide) in paragraph at lines 3810--3810
[]\TU/lmtt/m/n/10 ##  4 E05000029      NA      NA      NA      NA       2      NA       2      NA[] 
 []


Overfull \hbox (69.75pt too wide) in paragraph at lines 3810--3810
[]\TU/lmtt/m/n/10 ##  5 E05000030       3      NA      NA       1      NA       1      NA       3[] 
 []


Overfull \hbox (69.75pt too wide) in paragraph at lines 3810--3810
[]\TU/lmtt/m/n/10 ##  6 E05000031       4      NA       4       2       1      NA       1       1[] 
 []


Overfull \hbox (69.75pt too wide) in paragraph at lines 3810--3810
[]\TU/lmtt/m/n/10 ##  7 E05000032      NA      NA       2      NA       2       3       2       1[] 
 []


Overfull \hbox (69.75pt too wide) in paragraph at lines 3810--3810
[]\TU/lmtt/m/n/10 ##  8 E05000033       1       2       5      NA      NA       1      NA       1[] 
 []


Overfull \hbox (69.75pt too wide) in paragraph at lines 3810--3810
[]\TU/lmtt/m/n/10 ##  9 E05000034       1      NA       1      NA       1       2       1      NA[] 
 []


Overfull \hbox (69.75pt too wide) in paragraph at lines 3810--3810
[]\TU/lmtt/m/n/10 ## 10 E05000035       3       4      NA      NA       4       2       3       3[] 
 []


Overfull \hbox (38.25pt too wide) in paragraph at lines 3810--3810
[]\TU/lmtt/m/n/10 ## #   `2020-10` <int>, `2020-11` <int>, `2020-12` <int>, and abbreviated[] 
 []


Overfull \hbox (59.25pt too wide) in paragraph at lines 3810--3810
[]\TU/lmtt/m/n/10 ## #   variable names 1: `2020-01`, 2: `2020-02`, 3: `2020-03`, 4: `2020-04`,[] 
 []

[107] [108]
LaTeX Font Info:    Font shape `TU/lmtt/bx/n' in size <10> not available
(Font)              Font shape `TU/lmtt/b/n' tried instead on input line 3886.
[109]
Underfull \hbox (badness 1082) in paragraph at lines 3903--3905
\TU/lmr/m/n/10 is indeed still of class \TU/lmtt/m/n/10 sf\TU/lmr/m/n/10 . In some instances it is possible that this
 []

File: GEOG0030_files/figure-latex/05-jan-2020-cr-1.pdf Graphic file (type pdf)
<use GEOG0030_files/figure-latex/05-jan-2020-cr-1.pdf>
File: GEOG0030_files/figure-latex/05-jan-2020-cr-white-1.pdf Graphic file (type pdf)
<use GEOG0030_files/figure-latex/05-jan-2020-cr-white-1.pdf>
[110] [111]
File: GEOG0030_files/figure-latex/05-choro-1-1.pdf Graphic file (type pdf)
<use GEOG0030_files/figure-latex/05-choro-1-1.pdf>

Underfull \vbox (badness 10000) has occurred while \output is active []

[112]
File: GEOG0030_files/figure-latex/05-choro-2-1.pdf Graphic file (type pdf)
<use GEOG0030_files/figure-latex/05-choro-2-1.pdf>
[113]
File: GEOG0030_files/figure-latex/05-choro-3-1.pdf Graphic file (type pdf)
<use GEOG0030_files/figure-latex/05-choro-3-1.pdf>

Underfull \vbox (badness 10000) has occurred while \output is active []

[114]
File: GEOG0030_files/figure-latex/05-choro-4-1.pdf Graphic file (type pdf)
<use GEOG0030_files/figure-latex/05-choro-4-1.pdf>

Underfull \vbox (badness 10000) has occurred while \output is active []

[115] [116]
File: GEOG0030_files/figure-latex/05-map-template-1-1.pdf Graphic file (type pdf)
<use GEOG0030_files/figure-latex/05-map-template-1-1.pdf>

Underfull \vbox (badness 10000) has occurred while \output is active []

[117] [118]
Underfull \vbox (badness 10000) has occurred while \output is active []

[119] [120] [121

] [122]
Chapter 6.
[123

]
Overfull \hbox (159.69237pt too wide) has occurred while \output is active
\TU/lmr/m/n/10 124 \TU/lmr/m/sl/10 CHAPTER 6.  ANALYSING SPATIAL PATTERNS I: GEOMETRIC OPERATIONS AND SPATIAL QUERIES
 []

[124] [125]
Overfull \hbox (6.75pt too wide) in paragraph at lines 4362--4362
[]\TU/lmtt/m/n/10 ##         PARAMETER["Scale factor at natural origin",0.9996012717,[] 
 []


Overfull \hbox (615.75pt too wide) in paragraph at lines 4362--4362
[]\TU/lmtt/m/n/10 ##         AREA["United Kingdom (UK) - offshore to boundary of UKCS within 49°45'N to 61°N and 9°W to 2°E; onshore Great Britain (England, Wales and Scotland). Isle of Man onshore."],[] 
 []


Overfull \hbox (159.69237pt too wide) has occurred while \output is active
\TU/lmr/m/n/10 126 \TU/lmr/m/sl/10 CHAPTER 6.  ANALYSING SPATIAL PATTERNS I: GEOMETRIC OPERATIONS AND SPATIAL QUERIES
 []

[126] [127]
Overfull \hbox (6.75pt too wide) in paragraph at lines 4462--4462
[]\TU/lmtt/m/n/10 ##         PARAMETER["Scale factor at natural origin",0.9996012717,[] 
 []


Overfull \hbox (615.75pt too wide) in paragraph at lines 4462--4462
[]\TU/lmtt/m/n/10 ##         AREA["United Kingdom (UK) - offshore to boundary of UKCS within 49°45'N to 61°N and 9°W to 2°E; onshore Great Britain (England, Wales and Scotland). Isle of Man onshore."],[] 
 []


Overfull \hbox (159.69237pt too wide) has occurred while \output is active
\TU/lmr/m/n/10 128 \TU/lmr/m/sl/10 CHAPTER 6.  ANALYSING SPATIAL PATTERNS I: GEOMETRIC OPERATIONS AND SPATIAL QUERIES
 []

[128]
File: GEOG0030_files/figure-latex/06-map-all-data-1.pdf Graphic file (type pdf)
<use GEOG0030_files/figure-latex/06-map-all-data-1.pdf>

Underfull \vbox (badness 1237) has occurred while \output is active []

[129]
File: GEOG0030_files/figure-latex/06-map-all-data-no-bike-1.pdf Graphic file (type pdf)
<use GEOG0030_files/figure-latex/06-map-all-data-no-bike-1.pdf>

Underfull \vbox (badness 10000) has occurred while \output is active []


Overfull \hbox (159.69237pt too wide) has occurred while \output is active
\TU/lmr/m/n/10 130 \TU/lmr/m/sl/10 CHAPTER 6.  ANALYSING SPATIAL PATTERNS I: GEOMETRIC OPERATIONS AND SPATIAL QUERIES
 []

[130] [131]
Overfull \hbox (69.75pt too wide) in paragraph at lines 4584--4584
[]\TU/lmtt/m/n/10 ## Warning: attribute variables are assumed to be spatially constant throughout[] 
 []


Overfull \hbox (159.69237pt too wide) has occurred while \output is active
\TU/lmr/m/n/10 132 \TU/lmr/m/sl/10 CHAPTER 6.  ANALYSING SPATIAL PATTERNS I: GEOMETRIC OPERATIONS AND SPATIAL QUERIES
 []

[132]
File: GEOG0030_files/figure-latex/06-plot-london-1.pdf Graphic file (type pdf)
<use GEOG0030_files/figure-latex/06-plot-london-1.pdf>
[133]
Overfull \hbox (159.69237pt too wide) has occurred while \output is active
\TU/lmr/m/n/10 134 \TU/lmr/m/sl/10 CHAPTER 6.  ANALYSING SPATIAL PATTERNS I: GEOMETRIC OPERATIONS AND SPATIAL QUERIES
 []

[134]
Underfull \hbox (badness 2103) in paragraph at lines 4645--4646
[]\TU/lmr/m/n/10 To extract only the points of our tube and train stations from our
 []


Overfull \hbox (69.75pt too wide) in paragraph at lines 4667--4667
[]\TU/lmtt/m/n/10 ## Warning: attribute variables are assumed to be spatially constant throughout[] 
 []

File: GEOG0030_files/figure-latex/06-osm-stations-1.pdf Graphic file (type pdf)
<use GEOG0030_files/figure-latex/06-osm-stations-1.pdf>

Underfull \vbox (badness 10000) has occurred while \output is active []

[135]
Overfull \hbox (59.25pt too wide) in paragraph at lines 4702--4702
[]\TU/lmtt/m/n/10 ## Bounding box:  xmin: 505078.2 ymin: 159027.2 xmax: 556185.7 ymax: 200138.6[] 
 []


Overfull \hbox (159.69237pt too wide) has occurred while \output is active
\TU/lmr/m/n/10 136 \TU/lmr/m/sl/10 CHAPTER 6.  ANALYSING SPATIAL PATTERNS I: GEOMETRIC OPERATIONS AND SPATIAL QUERIES
 []

[136]
Overfull \hbox (69.75pt too wide) in paragraph at lines 4729--4729
[]\TU/lmtt/m/n/10 ## Warning: attribute variables are assumed to be spatially constant throughout[] 
 []

File: GEOG0030_files/figure-latex/06-map-some-data-23-1.pdf Graphic file (type pdf)
<use GEOG0030_files/figure-latex/06-map-some-data-23-1.pdf>
[137]
Overfull \hbox (159.69237pt too wide) has occurred while \output is active
\TU/lmr/m/n/10 138 \TU/lmr/m/sl/10 CHAPTER 6.  ANALYSING SPATIAL PATTERNS I: GEOMETRIC OPERATIONS AND SPATIAL QUERIES
 []

[138]
Underfull \vbox (badness 1742) has occurred while \output is active []

[139]
File: images/w06/snap1.png Graphic file (type bmp)
<images/w06/snap1.png>

Overfull \hbox (682.75609pt too wide) in paragraph at lines 4808--4809
 [][] 
 []


Overfull \hbox (69.75pt too wide) in paragraph at lines 4847--4847
[]\TU/lmtt/m/n/10 ## Warning: attribute variables are assumed to be spatially constant throughout[] 
 []


Overfull \hbox (159.69237pt too wide) has occurred while \output is active
\TU/lmr/m/n/10 140 \TU/lmr/m/sl/10 CHAPTER 6.  ANALYSING SPATIAL PATTERNS I: GEOMETRIC OPERATIONS AND SPATIAL QUERIES
 []

[140] [141]
Overfull \hbox (21.40201pt too wide) in paragraph at lines 4885--4886
\TU/lmtt/m/n/10 london_stations_osm \TU/lmr/m/n/10 spatial dataframe, we can use the \TU/lmtt/m/n/10 st_is_within_distance()
 []


Overfull \hbox (159.69237pt too wide) has occurred while \output is active
\TU/lmr/m/n/10 142 \TU/lmr/m/sl/10 CHAPTER 6.  ANALYSING SPATIAL PATTERNS I: GEOMETRIC OPERATIONS AND SPATIAL QUERIES
 []

[142]
Overfull \hbox (59.25pt too wide) in paragraph at lines 4927--4927
[]\TU/lmtt/m/n/10 ## Bounding box:  xmin: 505625.9 ymin: 168579.9 xmax: 556144.8 ymax: 196387.1[] 
 []


Overfull \hbox (69.75pt too wide) in paragraph at lines 4927--4927
[]\TU/lmtt/m/n/10 ##   in_osm_data[,1]     n                                             geometry[] 
 []


Overfull \hbox (69.75pt too wide) in paragraph at lines 4927--4927
[]\TU/lmtt/m/n/10 ## * <lgl>           <int>                                     <MULTIPOINT [m]>[] 
 []


Overfull \hbox (69.75pt too wide) in paragraph at lines 4927--4927
[]\TU/lmtt/m/n/10 ## 1 FALSE               4 ((510244.5 185830.3), (533644.3 188926.1), (537592.~[] 
 []


Overfull \hbox (69.75pt too wide) in paragraph at lines 4927--4927
[]\TU/lmtt/m/n/10 ## 2 TRUE              282 ((505625.9 184164.2), (507565.2 185008.3), (507584.~[] 
 []

[143]
File: images/w06/buffer.png Graphic file (type bmp)
<images/w06/buffer.png>

Overfull \hbox (30.41302pt too wide) in paragraph at lines 4970--4971
 [][] 
 []


Overfull \hbox (159.69237pt too wide) has occurred while \output is active
\TU/lmr/m/n/10 144 \TU/lmr/m/sl/10 CHAPTER 6.  ANALYSING SPATIAL PATTERNS I: GEOMETRIC OPERATIONS AND SPATIAL QUERIES
 []

[144]
File: GEOG0030_files/figure-latex/06-plot-buffer-stations-1.pdf Graphic file (type pdf)
<use GEOG0030_files/figure-latex/06-plot-buffer-stations-1.pdf>

Underfull \vbox (badness 10000) has occurred while \output is active []

[145]
Overfull \hbox (159.69237pt too wide) has occurred while \output is active
\TU/lmr/m/n/10 146 \TU/lmr/m/sl/10 CHAPTER 6.  ANALYSING SPATIAL PATTERNS I: GEOMETRIC OPERATIONS AND SPATIAL QUERIES
 []

[146]
File: GEOG0030_files/figure-latex/06-intersect-map-1.pdf Graphic file (type pdf)
<use GEOG0030_files/figure-latex/06-intersect-map-1.pdf>

Underfull \vbox (badness 10000) has occurred while \output is active []

[147]
Overfull \hbox (59.25pt too wide) in paragraph at lines 5072--5072
[]\TU/lmtt/m/n/10 ## Bounding box:  xmin: 504861.2 ymin: 159638.3 xmax: 556969.7 ymax: 199879.7[] 
 []


Overfull \hbox (69.75pt too wide) in paragraph at lines 5072--5072
[]\TU/lmtt/m/n/10 ##   nr_train_400[,1]     n                                            geometry[] 
 []


Overfull \hbox (69.75pt too wide) in paragraph at lines 5072--5072
[]\TU/lmtt/m/n/10 ## * <lgl>            <int>                                    <MULTIPOINT [m]>[] 
 []


Overfull \hbox (69.75pt too wide) in paragraph at lines 5072--5072
[]\TU/lmtt/m/n/10 ## 1 FALSE             8482 ((504907.2 183392.4), (504937.2 184142.4), (504952~[] 
 []


Overfull \hbox (69.75pt too wide) in paragraph at lines 5072--5072
[]\TU/lmtt/m/n/10 ## 2 TRUE             10253 ((504861.2 175885.4), (505339.2 184226.4), (505394~[] 
 []


Overfull \hbox (159.69237pt too wide) has occurred while \output is active
\TU/lmr/m/n/10 148 \TU/lmr/m/sl/10 CHAPTER 6.  ANALYSING SPATIAL PATTERNS I: GEOMETRIC OPERATIONS AND SPATIAL QUERIES
 []

[148] [149]
Overfull \hbox (159.69237pt too wide) has occurred while \output is active
\TU/lmr/m/n/10 150 \TU/lmr/m/sl/10 CHAPTER 6.  ANALYSING SPATIAL PATTERNS I: GEOMETRIC OPERATIONS AND SPATIAL QUERIES
 []

[150]
Chapter 7.
[151

]
Overfull \hbox (63.20564pt too wide) has occurred while \output is active
\TU/lmr/m/n/10 152 \TU/lmr/m/sl/10 CHAPTER 7.  ANALYSING SPATIAL PATTERNS II: SPATIAL AUTOCORRELATION
 []

[152]
Underfull \hbox (badness 2119) in paragraph at lines 5230--5232
[]\TU/lmr/m/n/10 Happiness and well-being, land use, public transport accessibility
 []

[153]
Overfull \hbox (9.54198pt too wide) in paragraph at lines 5252--5253
[]\TU/lmr/m/n/10 Click back to the dataset page, right-click on the \TU/lmtt/m/n/10 ward-atlas-data.csv
 []


! LaTeX Error: File `images/w07/download_shot' not found.

See the LaTeX manual or LaTeX Companion for explanation.
Type  H <return>  for immediate help.
 ...                                              
                                                  
l.5258 ...s[width=450pt]{images/w07/download_shot}
                                                   
Here is how much of TeX's memory you used:
 18030 strings out of 477640
 341289 string characters out of 5840332
 821797 words of memory out of 5000000
 38887 multiletter control sequences out of 15000+600000
 475734 words of font info for 84 fonts, out of 8000000 for 9000
 14 hyphenation exceptions out of 8191
 86i,7n,121p,1441b,485s stack positions out of 10000i,1000n,20000p,200000b,200000s

Output written on GEOG0030.pdf (153 pages).
